{"message":"This is my test error for the get route","stack":"Error: This is my test error for the get route\n    at router.get (/Users/kenren/Lotto/lotto-ticket/routes/tickets.js:17:11)\n    at newFn (/Users/kenren/Lotto/lotto-ticket/node_modules/express-async-errors/index.js:16:20)\n    at Layer.handle [as handle_request] (/Users/kenren/Lotto/lotto-ticket/node_modules/express/lib/router/layer.js:95:5)\n    at next (/Users/kenren/Lotto/lotto-ticket/node_modules/express/lib/router/route.js:137:13)\n    at Route.dispatch (/Users/kenren/Lotto/lotto-ticket/node_modules/express/lib/router/route.js:112:3)\n    at newFn (/Users/kenren/Lotto/lotto-ticket/node_modules/express-async-errors/index.js:16:20)\n    at Layer.handle [as handle_request] (/Users/kenren/Lotto/lotto-ticket/node_modules/express/lib/router/layer.js:95:5)\n    at /Users/kenren/Lotto/lotto-ticket/node_modules/express/lib/router/index.js:281:22\n    at Function.process_params (/Users/kenren/Lotto/lotto-ticket/node_modules/express/lib/router/index.js:335:12)\n    at next (/Users/kenren/Lotto/lotto-ticket/node_modules/express/lib/router/index.js:275:10)\n    at Function.handle (/Users/kenren/Lotto/lotto-ticket/node_modules/express/lib/router/index.js:174:3)\n    at router (/Users/kenren/Lotto/lotto-ticket/node_modules/express/lib/router/index.js:47:12)\n    at newFn (/Users/kenren/Lotto/lotto-ticket/node_modules/express-async-errors/index.js:16:20)\n    at Layer.handle [as handle_request] (/Users/kenren/Lotto/lotto-ticket/node_modules/express/lib/router/layer.js:95:5)\n    at trim_prefix (/Users/kenren/Lotto/lotto-ticket/node_modules/express/lib/router/index.js:317:13)\n    at /Users/kenren/Lotto/lotto-ticket/node_modules/express/lib/router/index.js:284:7","level":"error","timestamp":"2019-05-02T21:43:41.929Z"}
{"message":"This is my test error for the get route","stack":"Error: This is my test error for the get route\n    at router.get (/Users/kenren/Lotto/lotto-ticket/routes/tickets.js:17:11)\n    at newFn (/Users/kenren/Lotto/lotto-ticket/node_modules/express-async-errors/index.js:16:20)\n    at Layer.handle [as handle_request] (/Users/kenren/Lotto/lotto-ticket/node_modules/express/lib/router/layer.js:95:5)\n    at next (/Users/kenren/Lotto/lotto-ticket/node_modules/express/lib/router/route.js:137:13)\n    at Route.dispatch (/Users/kenren/Lotto/lotto-ticket/node_modules/express/lib/router/route.js:112:3)\n    at newFn (/Users/kenren/Lotto/lotto-ticket/node_modules/express-async-errors/index.js:16:20)\n    at Layer.handle [as handle_request] (/Users/kenren/Lotto/lotto-ticket/node_modules/express/lib/router/layer.js:95:5)\n    at /Users/kenren/Lotto/lotto-ticket/node_modules/express/lib/router/index.js:281:22\n    at Function.process_params (/Users/kenren/Lotto/lotto-ticket/node_modules/express/lib/router/index.js:335:12)\n    at next (/Users/kenren/Lotto/lotto-ticket/node_modules/express/lib/router/index.js:275:10)\n    at Function.handle (/Users/kenren/Lotto/lotto-ticket/node_modules/express/lib/router/index.js:174:3)\n    at router (/Users/kenren/Lotto/lotto-ticket/node_modules/express/lib/router/index.js:47:12)\n    at newFn (/Users/kenren/Lotto/lotto-ticket/node_modules/express-async-errors/index.js:16:20)\n    at Layer.handle [as handle_request] (/Users/kenren/Lotto/lotto-ticket/node_modules/express/lib/router/layer.js:95:5)\n    at trim_prefix (/Users/kenren/Lotto/lotto-ticket/node_modules/express/lib/router/index.js:317:13)\n    at /Users/kenren/Lotto/lotto-ticket/node_modules/express/lib/router/index.js:284:7","level":"error","timestamp":"2019-05-02T21:54:38.257Z"}
{"message":"This is my test error for the get route","stack":"Error: This is my test error for the get route\n    at router.get (/Users/kenren/Lotto/lotto-ticket/routes/tickets.js:17:11)\n    at newFn (/Users/kenren/Lotto/lotto-ticket/node_modules/express-async-errors/index.js:16:20)\n    at Layer.handle [as handle_request] (/Users/kenren/Lotto/lotto-ticket/node_modules/express/lib/router/layer.js:95:5)\n    at next (/Users/kenren/Lotto/lotto-ticket/node_modules/express/lib/router/route.js:137:13)\n    at Route.dispatch (/Users/kenren/Lotto/lotto-ticket/node_modules/express/lib/router/route.js:112:3)\n    at newFn (/Users/kenren/Lotto/lotto-ticket/node_modules/express-async-errors/index.js:16:20)\n    at Layer.handle [as handle_request] (/Users/kenren/Lotto/lotto-ticket/node_modules/express/lib/router/layer.js:95:5)\n    at /Users/kenren/Lotto/lotto-ticket/node_modules/express/lib/router/index.js:281:22\n    at Function.process_params (/Users/kenren/Lotto/lotto-ticket/node_modules/express/lib/router/index.js:335:12)\n    at next (/Users/kenren/Lotto/lotto-ticket/node_modules/express/lib/router/index.js:275:10)\n    at Function.handle (/Users/kenren/Lotto/lotto-ticket/node_modules/express/lib/router/index.js:174:3)\n    at router (/Users/kenren/Lotto/lotto-ticket/node_modules/express/lib/router/index.js:47:12)\n    at newFn (/Users/kenren/Lotto/lotto-ticket/node_modules/express-async-errors/index.js:16:20)\n    at Layer.handle [as handle_request] (/Users/kenren/Lotto/lotto-ticket/node_modules/express/lib/router/layer.js:95:5)\n    at trim_prefix (/Users/kenren/Lotto/lotto-ticket/node_modules/express/lib/router/index.js:317:13)\n    at /Users/kenren/Lotto/lotto-ticket/node_modules/express/lib/router/index.js:284:7","level":"error","timestamp":"2019-05-02T21:58:23.272Z"}
{"message":"This is my test error for the get route","stack":"Error: This is my test error for the get route\n    at router.get (/Users/kenren/Lotto/lotto-ticket/routes/tickets.js:17:11)\n    at newFn (/Users/kenren/Lotto/lotto-ticket/node_modules/express-async-errors/index.js:16:20)\n    at Layer.handle [as handle_request] (/Users/kenren/Lotto/lotto-ticket/node_modules/express/lib/router/layer.js:95:5)\n    at next (/Users/kenren/Lotto/lotto-ticket/node_modules/express/lib/router/route.js:137:13)\n    at Route.dispatch (/Users/kenren/Lotto/lotto-ticket/node_modules/express/lib/router/route.js:112:3)\n    at newFn (/Users/kenren/Lotto/lotto-ticket/node_modules/express-async-errors/index.js:16:20)\n    at Layer.handle [as handle_request] (/Users/kenren/Lotto/lotto-ticket/node_modules/express/lib/router/layer.js:95:5)\n    at /Users/kenren/Lotto/lotto-ticket/node_modules/express/lib/router/index.js:281:22\n    at Function.process_params (/Users/kenren/Lotto/lotto-ticket/node_modules/express/lib/router/index.js:335:12)\n    at next (/Users/kenren/Lotto/lotto-ticket/node_modules/express/lib/router/index.js:275:10)\n    at Function.handle (/Users/kenren/Lotto/lotto-ticket/node_modules/express/lib/router/index.js:174:3)\n    at router (/Users/kenren/Lotto/lotto-ticket/node_modules/express/lib/router/index.js:47:12)\n    at newFn (/Users/kenren/Lotto/lotto-ticket/node_modules/express-async-errors/index.js:16:20)\n    at Layer.handle [as handle_request] (/Users/kenren/Lotto/lotto-ticket/node_modules/express/lib/router/layer.js:95:5)\n    at trim_prefix (/Users/kenren/Lotto/lotto-ticket/node_modules/express/lib/router/index.js:317:13)\n    at /Users/kenren/Lotto/lotto-ticket/node_modules/express/lib/router/index.js:284:7","level":"error","timestamp":"2019-05-02T22:00:50.366Z"}
{"message":"This is my test error for the get route","stack":"Error: This is my test error for the get route\n    at router.get (/Users/kenren/Lotto/lotto-ticket/routes/tickets.js:17:11)\n    at newFn (/Users/kenren/Lotto/lotto-ticket/node_modules/express-async-errors/index.js:16:20)\n    at Layer.handle [as handle_request] (/Users/kenren/Lotto/lotto-ticket/node_modules/express/lib/router/layer.js:95:5)\n    at next (/Users/kenren/Lotto/lotto-ticket/node_modules/express/lib/router/route.js:137:13)\n    at Route.dispatch (/Users/kenren/Lotto/lotto-ticket/node_modules/express/lib/router/route.js:112:3)\n    at newFn (/Users/kenren/Lotto/lotto-ticket/node_modules/express-async-errors/index.js:16:20)\n    at Layer.handle [as handle_request] (/Users/kenren/Lotto/lotto-ticket/node_modules/express/lib/router/layer.js:95:5)\n    at /Users/kenren/Lotto/lotto-ticket/node_modules/express/lib/router/index.js:281:22\n    at Function.process_params (/Users/kenren/Lotto/lotto-ticket/node_modules/express/lib/router/index.js:335:12)\n    at next (/Users/kenren/Lotto/lotto-ticket/node_modules/express/lib/router/index.js:275:10)\n    at Function.handle (/Users/kenren/Lotto/lotto-ticket/node_modules/express/lib/router/index.js:174:3)\n    at router (/Users/kenren/Lotto/lotto-ticket/node_modules/express/lib/router/index.js:47:12)\n    at newFn (/Users/kenren/Lotto/lotto-ticket/node_modules/express-async-errors/index.js:16:20)\n    at Layer.handle [as handle_request] (/Users/kenren/Lotto/lotto-ticket/node_modules/express/lib/router/layer.js:95:5)\n    at trim_prefix (/Users/kenren/Lotto/lotto-ticket/node_modules/express/lib/router/index.js:317:13)\n    at /Users/kenren/Lotto/lotto-ticket/node_modules/express/lib/router/index.js:284:7","level":"error","timestamp":"2019-05-02T22:01:46.415Z"}
{"message":"This is my test error for the get route","stack":"Error: This is my test error for the get route\n    at router.get (/Users/kenren/Lotto/lotto-ticket/routes/tickets.js:17:11)\n    at newFn (/Users/kenren/Lotto/lotto-ticket/node_modules/express-async-errors/index.js:16:20)\n    at Layer.handle [as handle_request] (/Users/kenren/Lotto/lotto-ticket/node_modules/express/lib/router/layer.js:95:5)\n    at next (/Users/kenren/Lotto/lotto-ticket/node_modules/express/lib/router/route.js:137:13)\n    at Route.dispatch (/Users/kenren/Lotto/lotto-ticket/node_modules/express/lib/router/route.js:112:3)\n    at newFn (/Users/kenren/Lotto/lotto-ticket/node_modules/express-async-errors/index.js:16:20)\n    at Layer.handle [as handle_request] (/Users/kenren/Lotto/lotto-ticket/node_modules/express/lib/router/layer.js:95:5)\n    at /Users/kenren/Lotto/lotto-ticket/node_modules/express/lib/router/index.js:281:22\n    at Function.process_params (/Users/kenren/Lotto/lotto-ticket/node_modules/express/lib/router/index.js:335:12)\n    at next (/Users/kenren/Lotto/lotto-ticket/node_modules/express/lib/router/index.js:275:10)\n    at Function.handle (/Users/kenren/Lotto/lotto-ticket/node_modules/express/lib/router/index.js:174:3)\n    at router (/Users/kenren/Lotto/lotto-ticket/node_modules/express/lib/router/index.js:47:12)\n    at newFn (/Users/kenren/Lotto/lotto-ticket/node_modules/express-async-errors/index.js:16:20)\n    at Layer.handle [as handle_request] (/Users/kenren/Lotto/lotto-ticket/node_modules/express/lib/router/layer.js:95:5)\n    at trim_prefix (/Users/kenren/Lotto/lotto-ticket/node_modules/express/lib/router/index.js:317:13)\n    at /Users/kenren/Lotto/lotto-ticket/node_modules/express/lib/router/index.js:284:7","level":"error","timestamp":"2019-05-02T22:02:32.544Z"}
{"level":"info","message":"Connected to DB","timestamp":"2019-05-02T23:12:18.839Z"}
{"level":"info","message":"Connected to DB","timestamp":"2019-05-02T23:12:28.119Z"}
{"level":"info","message":"Connected to MongoDB","timestamp":"2019-05-02T23:13:46.995Z"}
{"level":"info","message":"Connected to MongoDB","timestamp":"2019-05-03T04:06:01.183Z"}
{"level":"info","message":"Connected to MongoDB","timestamp":"2019-05-03T04:06:37.333Z"}
{"level":"info","message":"Connected to MongoDB","timestamp":"2019-05-03T04:06:47.541Z"}
{"level":"info","message":"Connected to MongoDB","timestamp":"2019-05-03T04:06:49.051Z"}
{"level":"info","message":"Connected to MongoDB","timestamp":"2019-05-03T04:06:53.631Z"}
{"level":"info","message":"Connected to MongoDB","timestamp":"2019-05-03T04:07:02.059Z"}
{"level":"info","message":"Connected to MongoDB","timestamp":"2019-05-03T04:07:03.827Z"}
{"level":"info","message":"Connected to MongoDB","timestamp":"2019-05-03T04:07:37.730Z"}
{"level":"info","message":"Connected to MongoDB","timestamp":"2019-05-03T04:07:51.665Z"}
{"level":"info","message":"Connected to MongoDB","timestamp":"2019-05-03T04:08:07.724Z"}
{"message":"This is my test error for the get route","stack":"Error: This is my test error for the get route\n    at router.get (/Users/kenren/Lotto/lotto-ticket/routes/tickets.js:17:11)\n    at newFn (/Users/kenren/Lotto/lotto-ticket/node_modules/express-async-errors/index.js:16:20)\n    at Layer.handle [as handle_request] (/Users/kenren/Lotto/lotto-ticket/node_modules/express/lib/router/layer.js:95:5)\n    at next (/Users/kenren/Lotto/lotto-ticket/node_modules/express/lib/router/route.js:137:13)\n    at Route.dispatch (/Users/kenren/Lotto/lotto-ticket/node_modules/express/lib/router/route.js:112:3)\n    at newFn (/Users/kenren/Lotto/lotto-ticket/node_modules/express-async-errors/index.js:16:20)\n    at Layer.handle [as handle_request] (/Users/kenren/Lotto/lotto-ticket/node_modules/express/lib/router/layer.js:95:5)\n    at /Users/kenren/Lotto/lotto-ticket/node_modules/express/lib/router/index.js:281:22\n    at Function.process_params (/Users/kenren/Lotto/lotto-ticket/node_modules/express/lib/router/index.js:335:12)\n    at next (/Users/kenren/Lotto/lotto-ticket/node_modules/express/lib/router/index.js:275:10)\n    at Function.handle (/Users/kenren/Lotto/lotto-ticket/node_modules/express/lib/router/index.js:174:3)\n    at router (/Users/kenren/Lotto/lotto-ticket/node_modules/express/lib/router/index.js:47:12)\n    at newFn (/Users/kenren/Lotto/lotto-ticket/node_modules/express-async-errors/index.js:16:20)\n    at Layer.handle [as handle_request] (/Users/kenren/Lotto/lotto-ticket/node_modules/express/lib/router/layer.js:95:5)\n    at trim_prefix (/Users/kenren/Lotto/lotto-ticket/node_modules/express/lib/router/index.js:317:13)\n    at /Users/kenren/Lotto/lotto-ticket/node_modules/express/lib/router/index.js:284:7","level":"error","timestamp":"2019-05-03T04:08:26.574Z"}
{"level":"info","message":"Connected to MongoDB","timestamp":"2019-05-03T04:08:34.852Z"}
{"level":"info","message":"Connected to MongoDB","timestamp":"2019-05-03T21:21:48.169Z"}
{"level":"info","message":"Connected to MongoDB","timestamp":"2019-05-03T21:22:31.242Z"}
{"level":"info","message":"Connected to MongoDB","timestamp":"2019-05-03T21:22:34.030Z"}
{"level":"info","message":"Connected to MongoDB","timestamp":"2019-05-03T21:24:11.573Z"}
{"level":"info","message":"Connected to MongoDB","timestamp":"2019-05-03T21:24:34.705Z"}
{"level":"info","message":"Connected to MongoDB","timestamp":"2019-05-03T21:24:38.975Z"}
{"level":"info","message":"The App is listening on port 3000 and awaiting your command, Kenny","timestamp":"2019-05-04T00:32:30.755Z"}
{"level":"info","message":"Connected to MongoDB","timestamp":"2019-05-04T00:32:30.832Z"}
{"level":"info","message":"The App is listening on port 3000 and awaiting your command, Kenny","timestamp":"2019-05-04T00:32:54.291Z"}
{"level":"info","message":"Connected to MongoDB","timestamp":"2019-05-04T00:32:54.397Z"}
{"level":"info","message":"The App is listening on port 3000 and awaiting your command, Kenny","timestamp":"2019-05-04T00:33:20.586Z"}
{"level":"info","message":"Connected to MongoDB","timestamp":"2019-05-04T00:33:20.646Z"}
{"level":"info","message":"The App is listening on port 3000 and awaiting your command, Kenny","timestamp":"2019-05-04T00:36:22.147Z"}
{"level":"info","message":"The App is listening on port 3000 and awaiting your command, Kenny","timestamp":"2019-05-04T00:38:55.769Z"}
{"level":"info","message":"Connected to MongoDB","timestamp":"2019-05-04T00:38:55.833Z"}
{"message":"This is my test error for the get route","stack":"Error: This is my test error for the get route\n    at router.get (/Users/kenren/Lotto/lotto-ticket/routes/tickets.js:16:11)\n    at newFn (/Users/kenren/Lotto/lotto-ticket/node_modules/express-async-errors/index.js:16:20)\n    at Layer.handle [as handle_request] (/Users/kenren/Lotto/lotto-ticket/node_modules/express/lib/router/layer.js:95:5)\n    at next (/Users/kenren/Lotto/lotto-ticket/node_modules/express/lib/router/route.js:137:13)\n    at Route.dispatch (/Users/kenren/Lotto/lotto-ticket/node_modules/express/lib/router/route.js:112:3)\n    at newFn (/Users/kenren/Lotto/lotto-ticket/node_modules/express-async-errors/index.js:16:20)\n    at Layer.handle [as handle_request] (/Users/kenren/Lotto/lotto-ticket/node_modules/express/lib/router/layer.js:95:5)\n    at /Users/kenren/Lotto/lotto-ticket/node_modules/express/lib/router/index.js:281:22\n    at Function.process_params (/Users/kenren/Lotto/lotto-ticket/node_modules/express/lib/router/index.js:335:12)\n    at next (/Users/kenren/Lotto/lotto-ticket/node_modules/express/lib/router/index.js:275:10)\n    at Function.handle (/Users/kenren/Lotto/lotto-ticket/node_modules/express/lib/router/index.js:174:3)\n    at router (/Users/kenren/Lotto/lotto-ticket/node_modules/express/lib/router/index.js:47:12)\n    at newFn (/Users/kenren/Lotto/lotto-ticket/node_modules/express-async-errors/index.js:16:20)\n    at Layer.handle [as handle_request] (/Users/kenren/Lotto/lotto-ticket/node_modules/express/lib/router/layer.js:95:5)\n    at trim_prefix (/Users/kenren/Lotto/lotto-ticket/node_modules/express/lib/router/index.js:317:13)\n    at /Users/kenren/Lotto/lotto-ticket/node_modules/express/lib/router/index.js:284:7","level":"error","timestamp":"2019-05-04T00:39:03.965Z"}
{"level":"info","message":"The App is listening on port 3000 and awaiting your command, Kenny","timestamp":"2019-05-04T00:39:44.764Z"}
{"level":"info","message":"Connected to MongoDB","timestamp":"2019-05-04T00:39:44.827Z"}
{"level":"info","message":"The App is listening on port 3000 and awaiting your command, Kenny","timestamp":"2019-05-04T00:39:47.670Z"}
{"level":"info","message":"Connected to MongoDB","timestamp":"2019-05-04T00:39:47.727Z"}
{"level":"info","message":"The App is listening on port 3000 and awaiting your command, Kenny","timestamp":"2019-05-04T00:39:49.548Z"}
{"level":"info","message":"Connected to MongoDB","timestamp":"2019-05-04T00:39:49.613Z"}
{"level":"info","message":"The App is listening on port 3000 and awaiting your command, Kenny","timestamp":"2019-05-04T00:39:53.965Z"}
{"level":"info","message":"Connected to MongoDB","timestamp":"2019-05-04T00:39:54.027Z"}
{"level":"info","message":"The App is listening on port 3000 and awaiting your command, Kenny","timestamp":"2019-05-04T00:39:56.335Z"}
{"level":"info","message":"Connected to MongoDB","timestamp":"2019-05-04T00:39:56.392Z"}
{"level":"info","message":"The App is listening on port 3000 and awaiting your command, Kenny","timestamp":"2019-05-04T00:40:00.429Z"}
{"level":"info","message":"Connected to MongoDB","timestamp":"2019-05-04T00:40:00.497Z"}
{"message":"lotto GET error","stack":"Error: lotto GET error\n    at router.get (/Users/kenren/Lotto/lotto-ticket/routes/tickets.js:16:11)\n    at newFn (/Users/kenren/Lotto/lotto-ticket/node_modules/express-async-errors/index.js:16:20)\n    at Layer.handle [as handle_request] (/Users/kenren/Lotto/lotto-ticket/node_modules/express/lib/router/layer.js:95:5)\n    at next (/Users/kenren/Lotto/lotto-ticket/node_modules/express/lib/router/route.js:137:13)\n    at Route.dispatch (/Users/kenren/Lotto/lotto-ticket/node_modules/express/lib/router/route.js:112:3)\n    at newFn (/Users/kenren/Lotto/lotto-ticket/node_modules/express-async-errors/index.js:16:20)\n    at Layer.handle [as handle_request] (/Users/kenren/Lotto/lotto-ticket/node_modules/express/lib/router/layer.js:95:5)\n    at /Users/kenren/Lotto/lotto-ticket/node_modules/express/lib/router/index.js:281:22\n    at Function.process_params (/Users/kenren/Lotto/lotto-ticket/node_modules/express/lib/router/index.js:335:12)\n    at next (/Users/kenren/Lotto/lotto-ticket/node_modules/express/lib/router/index.js:275:10)\n    at Function.handle (/Users/kenren/Lotto/lotto-ticket/node_modules/express/lib/router/index.js:174:3)\n    at router (/Users/kenren/Lotto/lotto-ticket/node_modules/express/lib/router/index.js:47:12)\n    at newFn (/Users/kenren/Lotto/lotto-ticket/node_modules/express-async-errors/index.js:16:20)\n    at Layer.handle [as handle_request] (/Users/kenren/Lotto/lotto-ticket/node_modules/express/lib/router/layer.js:95:5)\n    at trim_prefix (/Users/kenren/Lotto/lotto-ticket/node_modules/express/lib/router/index.js:317:13)\n    at /Users/kenren/Lotto/lotto-ticket/node_modules/express/lib/router/index.js:284:7","level":"error","timestamp":"2019-05-04T00:40:05.639Z"}
{"level":"info","message":"The App is listening on port 3000 and awaiting your command, Kenny","timestamp":"2019-05-04T00:40:42.154Z"}
{"level":"info","message":"Connected to MongoDB","timestamp":"2019-05-04T00:40:42.219Z"}
{"level":"info","message":"The App is listening on port 3000 and awaiting your command, Kenny","timestamp":"2019-05-04T00:40:47.210Z"}
{"level":"info","message":"Connected to MongoDB","timestamp":"2019-05-04T00:40:47.276Z"}
{"level":"info","message":"The App is listening on port 3000 and awaiting your command, Kenny","timestamp":"2019-05-04T00:40:49.324Z"}
{"level":"info","message":"Connected to MongoDB","timestamp":"2019-05-04T00:40:49.390Z"}
{"level":"info","message":"The App is listening on port 3000 and awaiting your command, Kenny","timestamp":"2019-05-04T01:41:42.896Z"}
{"level":"info","message":"Connected to MongoDB","timestamp":"2019-05-04T01:41:42.983Z"}
{"level":"info","message":"The App is listening on port 3000 and awaiting your command, Kenny","timestamp":"2019-05-04T01:41:46.330Z"}
{"level":"info","message":"Connected to MongoDB","timestamp":"2019-05-04T01:41:46.399Z"}
{"level":"info","message":"The App is listening on port 3000 and awaiting your command, Kenny","timestamp":"2019-05-04T01:43:24.530Z"}
{"level":"info","message":"Connected to MongoDB","timestamp":"2019-05-04T01:43:24.588Z"}
{"level":"info","message":"The App is listening on port 3000 and awaiting your command, Kenny","timestamp":"2019-05-04T01:53:08.315Z"}
{"level":"info","message":"Connected to MongoDB","timestamp":"2019-05-04T01:53:08.378Z"}
{"level":"info","message":"The App is listening on port 3000 and awaiting your command, Kenny","timestamp":"2019-05-04T01:54:22.242Z"}
{"level":"info","message":"Connected to MongoDB","timestamp":"2019-05-04T01:54:22.310Z"}
{"level":"info","message":"The App is listening on port 3000 and awaiting your command, Kenny","timestamp":"2019-05-04T01:55:11.620Z"}
{"level":"info","message":"Connected to MongoDB","timestamp":"2019-05-04T01:55:11.745Z"}
{"level":"info","message":"The App is listening on port 3000 and awaiting your command, Kenny","timestamp":"2019-05-04T01:56:07.637Z"}
{"level":"info","message":"Connected to MongoDB","timestamp":"2019-05-04T01:56:07.700Z"}
{"level":"info","message":"The App is listening on port 3000 and awaiting your command, Kenny","timestamp":"2019-05-04T01:56:08.624Z"}
{"level":"info","message":"Connected to MongoDB","timestamp":"2019-05-04T01:56:08.681Z"}
{"level":"info","message":"The App is listening on port 3000 and awaiting your command, Kenny","timestamp":"2019-05-04T01:56:13.007Z"}
{"level":"info","message":"Connected to MongoDB","timestamp":"2019-05-04T01:56:13.073Z"}
{"level":"info","message":"The App is listening on port 3000 and awaiting your command, Kenny","timestamp":"2019-05-04T01:56:14.330Z"}
{"level":"info","message":"Connected to MongoDB","timestamp":"2019-05-04T01:56:14.390Z"}
{"level":"info","message":"The App is listening on port 3000 and awaiting your command, Kenny","timestamp":"2019-05-04T01:56:16.092Z"}
{"level":"info","message":"Connected to MongoDB","timestamp":"2019-05-04T01:56:16.176Z"}
{"level":"info","message":"The App is listening on port 3000 and awaiting your command, Kenny","timestamp":"2019-05-04T01:56:19.205Z"}
{"level":"info","message":"Connected to MongoDB","timestamp":"2019-05-04T01:56:19.280Z"}
{"level":"info","message":"The App is listening on port 3000 and awaiting your command, Kenny","timestamp":"2019-05-04T01:56:27.204Z"}
{"level":"info","message":"Connected to MongoDB","timestamp":"2019-05-04T01:56:27.270Z"}
{"level":"info","message":"The App is listening on port 3000 and awaiting your command, Kenny","timestamp":"2019-05-04T01:56:29.756Z"}
{"level":"info","message":"Connected to MongoDB","timestamp":"2019-05-04T01:56:29.833Z"}
{"level":"info","message":"The App is listening on port 3000 and awaiting your command, Kenny","timestamp":"2019-05-04T01:56:31.678Z"}
{"level":"info","message":"Connected to MongoDB","timestamp":"2019-05-04T01:56:31.732Z"}
{"level":"info","message":"The App is listening on port 3000 and awaiting your command, Kenny","timestamp":"2019-05-04T01:56:49.330Z"}
{"level":"info","message":"Connected to MongoDB","timestamp":"2019-05-04T01:56:49.400Z"}
{"level":"info","message":"The App is listening on port 3000 and awaiting your command, Kenny","timestamp":"2019-05-04T01:56:52.622Z"}
{"level":"info","message":"Connected to MongoDB","timestamp":"2019-05-04T01:56:52.688Z"}
{"level":"info","message":"The App is listening on port 3000 and awaiting your command, Kenny","timestamp":"2019-05-04T01:56:54.560Z"}
{"level":"info","message":"Connected to MongoDB","timestamp":"2019-05-04T01:56:54.618Z"}
{"level":"info","message":"The App is listening on port 3000 and awaiting your command, Kenny","timestamp":"2019-05-04T01:57:03.491Z"}
{"level":"info","message":"Connected to MongoDB","timestamp":"2019-05-04T01:57:03.562Z"}
{"level":"info","message":"The App is listening on port 3000 and awaiting your command, Kenny","timestamp":"2019-05-04T01:59:28.024Z"}
{"level":"info","message":"Connected to MongoDB","timestamp":"2019-05-04T01:59:28.086Z"}
{"level":"info","message":"The App is listening on port 3000 and awaiting your command, Kenny","timestamp":"2019-05-04T01:59:41.422Z"}
{"level":"info","message":"Connected to MongoDB","timestamp":"2019-05-04T01:59:41.489Z"}
{"level":"info","message":"The App is listening on port 3000 and awaiting your command, Kenny","timestamp":"2019-05-04T02:03:48.214Z"}
{"level":"info","message":"Connected to MongoDB","timestamp":"2019-05-04T02:03:48.278Z"}
{"level":"info","message":"The App is listening on port 3000 and awaiting your command, Kenny","timestamp":"2019-05-04T02:03:54.305Z"}
{"level":"info","message":"Connected to MongoDB","timestamp":"2019-05-04T02:03:54.368Z"}
{"level":"info","message":"Connected to MongoDB","timestamp":"2019-05-04T02:03:54.381Z"}
{"level":"info","message":"The App is listening on port 3000 and awaiting your command, Kenny","timestamp":"2019-05-04T02:04:08.704Z"}
{"level":"info","message":"Connected to MongoDB","timestamp":"2019-05-04T02:04:08.781Z"}
{"level":"info","message":"The App is listening on port 3000 and awaiting your command, Kenny","timestamp":"2019-05-04T02:19:08.548Z"}
{"level":"info","message":"Connected to MongoDB","timestamp":"2019-05-04T02:19:08.616Z"}
{"level":"info","message":"The App is listening on port 3000 and awaiting your command, Kenny","timestamp":"2019-05-04T02:19:25.433Z"}
{"level":"info","message":"Connected to MongoDB","timestamp":"2019-05-04T02:19:25.493Z"}
{"level":"info","message":"The App is listening on port 3000 and awaiting your command, Kenny","timestamp":"2019-05-04T02:26:09.299Z"}
{"level":"info","message":"Connected to MongoDB","timestamp":"2019-05-04T02:26:09.378Z"}
{"level":"info","message":"The App is listening on port 3000 and awaiting your command, Kenny","timestamp":"2019-05-13T17:13:12.625Z"}
{"level":"info","message":"Connected to MongoDB","timestamp":"2019-05-13T17:13:12.708Z"}
{"level":"info","message":"The App is listening on port 3000 and awaiting your command, Kenny","timestamp":"2019-05-13T17:41:07.335Z"}
{"level":"info","message":"Connected to MongoDB","timestamp":"2019-05-13T17:41:07.385Z"}
{"level":"info","message":"The App is listening on port 3000 and awaiting your command, Kenny","timestamp":"2019-05-13T18:28:22.974Z"}
{"level":"info","message":"Connected to MongoDB","timestamp":"2019-05-13T18:28:23.022Z"}
{"level":"info","message":"The App is listening on port 3000 and awaiting your command, Kenny","timestamp":"2019-05-13T18:28:44.793Z"}
{"level":"info","message":"Connected to MongoDB","timestamp":"2019-05-13T18:28:44.844Z"}
{"level":"info","message":"The App is listening on port 3000 and awaiting your command, Kenny","timestamp":"2019-05-13T18:28:46.300Z"}
{"level":"info","message":"Connected to MongoDB","timestamp":"2019-05-13T18:28:46.348Z"}
{"level":"info","message":"The App is listening on port 3000 and awaiting your command, Kenny","timestamp":"2019-05-13T18:30:10.167Z"}
{"level":"info","message":"Connected to MongoDB","timestamp":"2019-05-13T18:30:10.218Z"}
{"level":"info","message":"The App is listening on port 3000 and awaiting your command, Kenny","timestamp":"2019-05-13T18:30:28.255Z"}
{"level":"info","message":"Connected to MongoDB","timestamp":"2019-05-13T18:30:28.311Z"}
{"level":"info","message":"The App is listening on port 3000 and awaiting your command, Kenny","timestamp":"2019-05-13T18:30:39.452Z"}
{"level":"info","message":"Connected to MongoDB","timestamp":"2019-05-13T18:30:39.503Z"}
{"level":"info","message":"The App is listening on port 3000 and awaiting your command, Kenny","timestamp":"2019-05-13T18:30:45.505Z"}
{"level":"info","message":"Connected to MongoDB","timestamp":"2019-05-13T18:30:45.559Z"}
{"level":"info","message":"The App is listening on port 3000 and awaiting your command, Kenny","timestamp":"2019-05-13T18:30:46.864Z"}
{"level":"info","message":"Connected to MongoDB","timestamp":"2019-05-13T18:30:46.914Z"}
{"level":"info","message":"The App is listening on port 3000 and awaiting your command, Kenny","timestamp":"2019-05-13T18:30:50.815Z"}
{"level":"info","message":"Connected to MongoDB","timestamp":"2019-05-13T18:30:50.860Z"}
{"level":"info","message":"The App is listening on port 3000 and awaiting your command, Kenny","timestamp":"2019-05-13T18:30:53.780Z"}
{"level":"info","message":"Connected to MongoDB","timestamp":"2019-05-13T18:30:53.830Z"}
{"level":"info","message":"The App is listening on port 3000 and awaiting your command, Kenny","timestamp":"2019-05-13T18:30:59.111Z"}
{"level":"info","message":"Connected to MongoDB","timestamp":"2019-05-13T18:30:59.160Z"}
{"level":"info","message":"The App is listening on port 3000 and awaiting your command, Kenny","timestamp":"2019-05-13T18:31:06.960Z"}
{"level":"info","message":"Connected to MongoDB","timestamp":"2019-05-13T18:31:07.007Z"}
{"level":"info","message":"The App is listening on port 3000 and awaiting your command, Kenny","timestamp":"2019-05-13T18:31:08.203Z"}
{"level":"info","message":"Connected to MongoDB","timestamp":"2019-05-13T18:31:08.249Z"}
{"level":"info","message":"The App is listening on port 3000 and awaiting your command, Kenny","timestamp":"2019-05-13T18:31:12.507Z"}
{"level":"info","message":"Connected to MongoDB","timestamp":"2019-05-13T18:31:12.561Z"}
{"level":"info","message":"The App is listening on port 3000 and awaiting your command, Kenny","timestamp":"2019-05-13T18:31:15.307Z"}
{"level":"info","message":"Connected to MongoDB","timestamp":"2019-05-13T18:31:15.355Z"}
{"level":"info","message":"The App is listening on port 3000 and awaiting your command, Kenny","timestamp":"2019-05-13T18:31:40.906Z"}
{"level":"info","message":"Connected to MongoDB","timestamp":"2019-05-13T18:31:40.956Z"}
{"level":"info","message":"The App is listening on port 3000 and awaiting your command, Kenny","timestamp":"2019-05-13T18:31:47.136Z"}
{"level":"info","message":"Connected to MongoDB","timestamp":"2019-05-13T18:31:47.187Z"}
{"level":"info","message":"The App is listening on port 3000 and awaiting your command, Kenny","timestamp":"2019-05-13T18:31:53.805Z"}
{"level":"info","message":"Connected to MongoDB","timestamp":"2019-05-13T18:31:53.852Z"}
{"level":"info","message":"The App is listening on port 3000 and awaiting your command, Kenny","timestamp":"2019-05-13T18:32:06.071Z"}
{"level":"info","message":"Connected to MongoDB","timestamp":"2019-05-13T18:32:06.122Z"}
{"level":"info","message":"The App is listening on port 3000 and awaiting your command, Kenny","timestamp":"2019-05-13T18:32:13.056Z"}
{"level":"info","message":"Connected to MongoDB","timestamp":"2019-05-13T18:32:13.105Z"}
{"level":"info","message":"The App is listening on port 3000 and awaiting your command, Kenny","timestamp":"2019-05-13T18:33:29.552Z"}
{"level":"info","message":"Connected to MongoDB","timestamp":"2019-05-13T18:33:29.599Z"}
{"level":"info","message":"The App is listening on port 3000 and awaiting your command, Kenny","timestamp":"2019-05-13T18:33:46.904Z"}
{"level":"info","message":"Connected to MongoDB","timestamp":"2019-05-13T18:33:46.972Z"}
{"level":"info","message":"The App is listening on port 3000 and awaiting your command, Kenny","timestamp":"2019-05-13T18:33:55.656Z"}
{"level":"info","message":"Connected to MongoDB","timestamp":"2019-05-13T18:33:55.702Z"}
{"level":"info","message":"The App is listening on port 3000 and awaiting your command, Kenny","timestamp":"2019-05-13T18:34:02.692Z"}
{"level":"info","message":"Connected to MongoDB","timestamp":"2019-05-13T18:34:02.741Z"}
{"level":"info","message":"The App is listening on port 3000 and awaiting your command, Kenny","timestamp":"2019-05-13T18:34:12.903Z"}
{"level":"info","message":"Connected to MongoDB","timestamp":"2019-05-13T18:34:12.961Z"}
{"level":"info","message":"The App is listening on port 3000 and awaiting your command, Kenny","timestamp":"2019-05-13T18:34:20.742Z"}
{"level":"info","message":"Connected to MongoDB","timestamp":"2019-05-13T18:34:20.825Z"}
{"level":"info","message":"The App is listening on port 3000 and awaiting your command, Kenny","timestamp":"2019-05-13T18:34:28.252Z"}
{"level":"info","message":"Connected to MongoDB","timestamp":"2019-05-13T18:34:28.312Z"}
{"level":"info","message":"The App is listening on port 3000 and awaiting your command, Kenny","timestamp":"2019-05-13T18:34:34.173Z"}
{"level":"info","message":"Connected to MongoDB","timestamp":"2019-05-13T18:34:34.234Z"}
{"level":"info","message":"The App is listening on port 3000 and awaiting your command, Kenny","timestamp":"2019-05-13T18:34:36.003Z"}
{"level":"info","message":"Connected to MongoDB","timestamp":"2019-05-13T18:34:36.058Z"}
{"level":"info","message":"The App is listening on port 3000 and awaiting your command, Kenny","timestamp":"2019-05-13T18:34:39.305Z"}
{"level":"info","message":"Connected to MongoDB","timestamp":"2019-05-13T18:34:39.355Z"}
{"level":"info","message":"The App is listening on port 3000 and awaiting your command, Kenny","timestamp":"2019-05-13T18:34:40.687Z"}
{"level":"info","message":"Connected to MongoDB","timestamp":"2019-05-13T18:34:40.734Z"}
{"level":"info","message":"The App is listening on port 3000 and awaiting your command, Kenny","timestamp":"2019-05-13T18:34:41.970Z"}
{"level":"info","message":"Connected to MongoDB","timestamp":"2019-05-13T18:34:42.017Z"}
{"level":"info","message":"The App is listening on port 3000 and awaiting your command, Kenny","timestamp":"2019-05-13T18:34:49.120Z"}
{"level":"info","message":"Connected to MongoDB","timestamp":"2019-05-13T18:34:49.172Z"}
{"level":"info","message":"The App is listening on port 3000 and awaiting your command, Kenny","timestamp":"2019-05-13T18:34:55.417Z"}
{"level":"info","message":"Connected to MongoDB","timestamp":"2019-05-13T18:34:55.471Z"}
{"level":"info","message":"The App is listening on port 3000 and awaiting your command, Kenny","timestamp":"2019-05-13T18:38:33.037Z"}
{"level":"info","message":"Connected to MongoDB","timestamp":"2019-05-13T18:38:33.080Z"}
{"level":"info","message":"The App is listening on port 3000 and awaiting your command, Kenny","timestamp":"2019-05-13T18:38:36.122Z"}
{"level":"info","message":"Connected to MongoDB","timestamp":"2019-05-13T18:38:36.160Z"}
{"level":"info","message":"The App is listening on port 3000 and awaiting your command, Kenny","timestamp":"2019-05-13T18:38:47.868Z"}
{"level":"info","message":"Connected to MongoDB","timestamp":"2019-05-13T18:38:47.912Z"}
{"level":"info","message":"The App is listening on port 3000 and awaiting your command, Kenny","timestamp":"2019-05-13T18:38:57.562Z"}
{"level":"info","message":"Connected to MongoDB","timestamp":"2019-05-13T18:38:57.625Z"}
{"level":"info","message":"The App is listening on port 3000 and awaiting your command, Kenny","timestamp":"2019-05-13T18:39:00.039Z"}
{"level":"info","message":"Connected to MongoDB","timestamp":"2019-05-13T18:39:00.078Z"}
{"level":"info","message":"The App is listening on port 3000 and awaiting your command, Kenny","timestamp":"2019-05-13T18:39:13.916Z"}
{"level":"info","message":"Connected to MongoDB","timestamp":"2019-05-13T18:39:13.991Z"}
{"level":"info","message":"The App is listening on port 3000 and awaiting your command, Kenny","timestamp":"2019-05-13T18:39:20.825Z"}
{"level":"info","message":"Connected to MongoDB","timestamp":"2019-05-13T18:39:20.861Z"}
{"level":"info","message":"The App is listening on port 3000 and awaiting your command, Kenny","timestamp":"2019-05-13T18:39:26.113Z"}
{"level":"info","message":"Connected to MongoDB","timestamp":"2019-05-13T18:39:26.151Z"}
{"level":"info","message":"The App is listening on port 3000 and awaiting your command, Kenny","timestamp":"2019-05-13T18:39:42.332Z"}
{"level":"info","message":"Connected to MongoDB","timestamp":"2019-05-13T18:39:42.373Z"}
{"level":"info","message":"The App is listening on port 3000 and awaiting your command, Kenny","timestamp":"2019-05-13T18:40:23.355Z"}
{"level":"info","message":"Connected to MongoDB","timestamp":"2019-05-13T18:40:23.403Z"}
{"level":"info","message":"The App is listening on port 3000 and awaiting your command, Kenny","timestamp":"2019-05-13T18:40:25.308Z"}
{"level":"info","message":"Connected to MongoDB","timestamp":"2019-05-13T18:40:25.348Z"}
{"level":"info","message":"The App is listening on port 3000 and awaiting your command, Kenny","timestamp":"2019-05-13T18:40:31.062Z"}
{"level":"info","message":"Connected to MongoDB","timestamp":"2019-05-13T18:40:31.099Z"}
{"level":"info","message":"The App is listening on port 3000 and awaiting your command, Kenny","timestamp":"2019-05-13T18:40:59.813Z"}
{"level":"info","message":"Connected to MongoDB","timestamp":"2019-05-13T18:40:59.850Z"}
{"level":"info","message":"The App is listening on port 3000 and awaiting your command, Kenny","timestamp":"2019-05-13T18:41:02.332Z"}
{"level":"info","message":"Connected to MongoDB","timestamp":"2019-05-13T18:41:02.406Z"}
{"level":"info","message":"The App is listening on port 3000 and awaiting your command, Kenny","timestamp":"2019-05-13T18:41:43.686Z"}
{"level":"info","message":"Connected to MongoDB","timestamp":"2019-05-13T18:41:43.725Z"}
{"level":"info","message":"The App is listening on port 3000 and awaiting your command, Kenny","timestamp":"2019-05-13T18:42:41.035Z"}
{"level":"info","message":"Connected to MongoDB","timestamp":"2019-05-13T18:42:41.072Z"}
{"level":"info","message":"The App is listening on port 3000 and awaiting your command, Kenny","timestamp":"2019-05-13T18:42:52.784Z"}
{"level":"info","message":"Connected to MongoDB","timestamp":"2019-05-13T18:42:52.822Z"}
{"level":"info","message":"The App is listening on port 3000 and awaiting your command, Kenny","timestamp":"2019-05-13T18:42:54.607Z"}
{"level":"info","message":"Connected to MongoDB","timestamp":"2019-05-13T18:42:54.647Z"}
{"level":"info","message":"The App is listening on port 3000 and awaiting your command, Kenny","timestamp":"2019-05-13T18:42:55.903Z"}
{"level":"info","message":"Connected to MongoDB","timestamp":"2019-05-13T18:42:55.938Z"}
{"level":"info","message":"The App is listening on port 3000 and awaiting your command, Kenny","timestamp":"2019-05-13T18:43:10.761Z"}
{"level":"info","message":"Connected to MongoDB","timestamp":"2019-05-13T18:43:10.812Z"}
{"level":"info","message":"The App is listening on port 3000 and awaiting your command, Kenny","timestamp":"2019-05-13T18:43:31.827Z"}
{"level":"info","message":"Connected to MongoDB","timestamp":"2019-05-13T18:43:31.865Z"}
{"level":"info","message":"The App is listening on port 3000 and awaiting your command, Kenny","timestamp":"2019-05-13T18:43:34.015Z"}
{"level":"info","message":"Connected to MongoDB","timestamp":"2019-05-13T18:43:34.053Z"}
{"level":"info","message":"The App is listening on port 3000 and awaiting your command, Kenny","timestamp":"2019-05-13T18:44:04.782Z"}
{"level":"info","message":"Connected to MongoDB","timestamp":"2019-05-13T18:44:04.827Z"}
{"level":"info","message":"The App is listening on port 3000 and awaiting your command, Kenny","timestamp":"2019-05-13T18:44:11.901Z"}
{"level":"info","message":"Connected to MongoDB","timestamp":"2019-05-13T18:44:11.945Z"}
{"level":"info","message":"The App is listening on port 3000 and awaiting your command, Kenny","timestamp":"2019-05-13T18:44:20.356Z"}
{"level":"info","message":"Connected to MongoDB","timestamp":"2019-05-13T18:44:20.406Z"}
{"level":"info","message":"The App is listening on port 3000 and awaiting your command, Kenny","timestamp":"2019-05-13T18:44:25.242Z"}
{"level":"info","message":"Connected to MongoDB","timestamp":"2019-05-13T18:44:25.287Z"}
{"level":"info","message":"The App is listening on port 3000 and awaiting your command, Kenny","timestamp":"2019-05-13T18:44:28.321Z"}
{"level":"info","message":"Connected to MongoDB","timestamp":"2019-05-13T18:44:28.365Z"}
{"level":"info","message":"The App is listening on port 3000 and awaiting your command, Kenny","timestamp":"2019-05-13T18:45:57.757Z"}
{"level":"info","message":"Connected to MongoDB","timestamp":"2019-05-13T18:45:57.793Z"}
{"level":"info","message":"The App is listening on port 3000 and awaiting your command, Kenny","timestamp":"2019-05-13T18:46:15.902Z"}
{"level":"info","message":"Connected to MongoDB","timestamp":"2019-05-13T18:46:15.940Z"}
{"level":"info","message":"The App is listening on port 3000 and awaiting your command, Kenny","timestamp":"2019-05-13T18:46:21.532Z"}
{"level":"info","message":"Connected to MongoDB","timestamp":"2019-05-13T18:46:21.574Z"}
{"level":"info","message":"The App is listening on port 3000 and awaiting your command, Kenny","timestamp":"2019-05-13T18:47:13.918Z"}
{"level":"info","message":"Connected to MongoDB","timestamp":"2019-05-13T18:47:13.954Z"}
{"level":"info","message":"The App is listening on port 3000 and awaiting your command, Kenny","timestamp":"2019-05-13T18:47:27.045Z"}
{"level":"info","message":"Connected to MongoDB","timestamp":"2019-05-13T18:47:27.081Z"}
{"level":"info","message":"The App is listening on port 3000 and awaiting your command, Kenny","timestamp":"2019-05-13T18:50:42.980Z"}
{"level":"info","message":"Connected to MongoDB","timestamp":"2019-05-13T18:50:43.017Z"}
{"level":"info","message":"The App is listening on port 3000 and awaiting your command, Kenny","timestamp":"2019-05-13T18:51:22.747Z"}
{"level":"info","message":"Connected to MongoDB","timestamp":"2019-05-13T18:51:22.797Z"}
{"level":"info","message":"The App is listening on port 3000 and awaiting your command, Kenny","timestamp":"2019-05-13T18:51:45.945Z"}
{"level":"info","message":"Connected to MongoDB","timestamp":"2019-05-13T18:51:45.989Z"}
{"level":"info","message":"The App is listening on port 3000 and awaiting your command, Kenny","timestamp":"2019-05-13T18:57:43.603Z"}
{"level":"info","message":"Connected to MongoDB","timestamp":"2019-05-13T18:57:43.642Z"}
{"level":"info","message":"The App is listening on port 3000 and awaiting your command, Kenny","timestamp":"2019-05-13T18:57:45.925Z"}
{"level":"info","message":"Connected to MongoDB","timestamp":"2019-05-13T18:57:45.972Z"}
{"level":"info","message":"The App is listening on port 3000 and awaiting your command, Kenny","timestamp":"2019-05-13T18:57:48.973Z"}
{"level":"info","message":"Connected to MongoDB","timestamp":"2019-05-13T18:57:49.011Z"}
{"level":"info","message":"The App is listening on port 3000 and awaiting your command, Kenny","timestamp":"2019-05-13T18:58:00.167Z"}
{"level":"info","message":"Connected to MongoDB","timestamp":"2019-05-13T18:58:00.205Z"}
{"level":"info","message":"The App is listening on port 3000 and awaiting your command, Kenny","timestamp":"2019-05-13T18:58:02.063Z"}
{"level":"info","message":"Connected to MongoDB","timestamp":"2019-05-13T18:58:02.101Z"}
{"level":"info","message":"The App is listening on port 3000 and awaiting your command, Kenny","timestamp":"2019-05-13T18:58:08.793Z"}
{"level":"info","message":"Connected to MongoDB","timestamp":"2019-05-13T18:58:08.828Z"}
{"level":"info","message":"The App is listening on port 3000 and awaiting your command, Kenny","timestamp":"2019-05-13T18:58:12.408Z"}
{"level":"info","message":"Connected to MongoDB","timestamp":"2019-05-13T18:58:12.445Z"}
{"level":"info","message":"The App is listening on port 3000 and awaiting your command, Kenny","timestamp":"2019-05-13T18:58:16.155Z"}
{"level":"info","message":"Connected to MongoDB","timestamp":"2019-05-13T18:58:16.194Z"}
{"level":"info","message":"The App is listening on port 3000 and awaiting your command, Kenny","timestamp":"2019-05-13T18:58:19.250Z"}
{"level":"info","message":"Connected to MongoDB","timestamp":"2019-05-13T18:58:19.291Z"}
{"level":"info","message":"The App is listening on port 3000 and awaiting your command, Kenny","timestamp":"2019-05-13T18:58:35.434Z"}
{"level":"info","message":"Connected to MongoDB","timestamp":"2019-05-13T18:58:35.482Z"}
{"level":"info","message":"The App is listening on port 3000 and awaiting your command, Kenny","timestamp":"2019-05-13T18:58:48.026Z"}
{"level":"info","message":"Connected to MongoDB","timestamp":"2019-05-13T18:58:48.066Z"}
{"level":"info","message":"The App is listening on port 3000 and awaiting your command, Kenny","timestamp":"2019-05-13T18:58:58.909Z"}
{"level":"info","message":"Connected to MongoDB","timestamp":"2019-05-13T18:58:58.959Z"}
{"level":"info","message":"The App is listening on port 3000 and awaiting your command, Kenny","timestamp":"2019-05-13T18:59:06.332Z"}
{"level":"info","message":"Connected to MongoDB","timestamp":"2019-05-13T18:59:06.373Z"}
{"level":"info","message":"The App is listening on port 3000 and awaiting your command, Kenny","timestamp":"2019-05-13T18:59:13.262Z"}
{"level":"info","message":"Connected to MongoDB","timestamp":"2019-05-13T18:59:13.302Z"}
{"level":"info","message":"The App is listening on port 3000 and awaiting your command, Kenny","timestamp":"2019-05-13T18:59:15.766Z"}
{"level":"info","message":"Connected to MongoDB","timestamp":"2019-05-13T18:59:15.803Z"}
{"level":"info","message":"The App is listening on port 3000 and awaiting your command, Kenny","timestamp":"2019-05-13T19:03:32.009Z"}
{"level":"info","message":"Connected to MongoDB","timestamp":"2019-05-13T19:03:32.048Z"}
{"level":"info","message":"The App is listening on port 3000 and awaiting your command, Kenny","timestamp":"2019-05-13T19:03:36.964Z"}
{"level":"info","message":"Connected to MongoDB","timestamp":"2019-05-13T19:03:37.016Z"}
{"level":"info","message":"The App is listening on port 3000 and awaiting your command, Kenny","timestamp":"2019-05-13T19:08:04.834Z"}
{"level":"info","message":"Connected to MongoDB","timestamp":"2019-05-13T19:08:04.888Z"}
{"level":"info","message":"The App is listening on port 3000 and awaiting your command, Kenny","timestamp":"2019-05-13T19:08:08.515Z"}
{"level":"info","message":"Connected to MongoDB","timestamp":"2019-05-13T19:08:08.580Z"}
{"level":"info","message":"The App is listening on port 3000 and awaiting your command, Kenny","timestamp":"2019-05-13T19:08:11.871Z"}
{"level":"info","message":"Connected to MongoDB","timestamp":"2019-05-13T19:08:11.921Z"}
{"level":"info","message":"The App is listening on port 3000 and awaiting your command, Kenny","timestamp":"2019-05-13T19:08:17.187Z"}
{"level":"info","message":"Connected to MongoDB","timestamp":"2019-05-13T19:08:17.237Z"}
{"level":"info","message":"The App is listening on port 3000 and awaiting your command, Kenny","timestamp":"2019-05-13T19:08:26.716Z"}
{"level":"info","message":"Connected to MongoDB","timestamp":"2019-05-13T19:08:26.776Z"}
{"level":"info","message":"The App is listening on port 3000 and awaiting your command, Kenny","timestamp":"2019-05-13T19:08:30.810Z"}
{"level":"info","message":"Connected to MongoDB","timestamp":"2019-05-13T19:08:30.859Z"}
{"level":"info","message":"The App is listening on port 3000 and awaiting your command, Kenny","timestamp":"2019-05-13T19:24:39.047Z"}
{"level":"info","message":"Connected to MongoDB","timestamp":"2019-05-13T19:24:39.097Z"}
{"level":"info","message":"The App is listening on port 3000 and awaiting your command, Kenny","timestamp":"2019-05-13T19:24:41.186Z"}
{"level":"info","message":"Connected to MongoDB","timestamp":"2019-05-13T19:24:41.236Z"}
{"level":"info","message":"The App is listening on port 3000 and awaiting your command, Kenny","timestamp":"2019-05-13T19:24:43.269Z"}
{"level":"info","message":"Connected to MongoDB","timestamp":"2019-05-13T19:24:43.319Z"}
{"level":"info","message":"The App is listening on port 3000 and awaiting your command, Kenny","timestamp":"2019-05-13T19:24:48.113Z"}
{"level":"info","message":"Connected to MongoDB","timestamp":"2019-05-13T19:24:48.161Z"}
{"level":"info","message":"The App is listening on port 3000 and awaiting your command, Kenny","timestamp":"2019-05-13T19:24:49.815Z"}
{"level":"info","message":"Connected to MongoDB","timestamp":"2019-05-13T19:24:49.861Z"}
{"level":"info","message":"The App is listening on port 3000 and awaiting your command, Kenny","timestamp":"2019-05-13T19:25:01.610Z"}
{"level":"info","message":"Connected to MongoDB","timestamp":"2019-05-13T19:25:01.667Z"}
{"level":"info","message":"The App is listening on port 3000 and awaiting your command, Kenny","timestamp":"2019-05-13T19:25:02.826Z"}
{"level":"info","message":"Connected to MongoDB","timestamp":"2019-05-13T19:25:02.873Z"}
{"level":"info","message":"The App is listening on port 3000 and awaiting your command, Kenny","timestamp":"2019-05-13T19:25:05.268Z"}
{"level":"info","message":"Connected to MongoDB","timestamp":"2019-05-13T19:25:05.317Z"}
{"level":"info","message":"The App is listening on port 3000 and awaiting your command, Kenny","timestamp":"2019-05-13T19:25:17.342Z"}
{"level":"info","message":"Connected to MongoDB","timestamp":"2019-05-13T19:25:17.391Z"}
{"level":"info","message":"The App is listening on port 3000 and awaiting your command, Kenny","timestamp":"2019-05-13T19:25:28.883Z"}
{"level":"info","message":"Connected to MongoDB","timestamp":"2019-05-13T19:25:28.995Z"}
{"level":"info","message":"The App is listening on port 3000 and awaiting your command, Kenny","timestamp":"2019-05-13T19:26:05.991Z"}
{"level":"info","message":"Connected to MongoDB","timestamp":"2019-05-13T19:26:06.045Z"}
